<?xml version="1.0" encoding="UTF-8"?>
<!-- Generated by org.testng.reporters.JUnitXMLReporter -->
<testsuite ignored="0" hostname="DESKTOP-SRVP3EQ" failures="0" tests="3" name="Default test" time="52.57" errors="0" timestamp="2024-03-18T19:09:44 IST">
  <testcase classname="Test_Package.Test_Cases" name="Test1" time="6.139"/>
  <testcase classname="Test_Package.Test_Cases" name="Test2" time="6.171"/>
  <testcase classname="Test_Package.Test_Cases" name="Test3" time="4.408"/>
</testsuite> <!-- Default test -->
