<?xml version="1.0" encoding="UTF-8"?>
<testng-results ignored="0" total="3" passed="3" failed="0" skipped="0">
  <reporter-output>
  </reporter-output>
  <suite started-at="2024-03-18T19:11:47 IST" name="Suite" finished-at="2024-03-18T19:12:41 IST" duration-ms="53751">
    <groups>
    </groups>
    <test started-at="2024-03-18T19:11:47 IST" name="Test" finished-at="2024-03-18T19:12:41 IST" duration-ms="53751">
      <class name="Test_Package.Test_Cases">
        <test-method is-config="true" signature="lunchDriver()[pri:0, instance:Test_Package.Test_Cases@71ba6d4e]" started-at="2024-03-18T19:11:47 IST" name="lunchDriver" finished-at="2024-03-18T19:11:57 IST" duration-ms="9614" status="PASS">
          <reporter-output>
          </reporter-output>
        </test-method> <!-- lunchDriver -->
        <test-method signature="Test1()[pri:0, instance:Test_Package.Test_Cases@71ba6d4e]" started-at="2024-03-18T19:11:57 IST" name="Test1" finished-at="2024-03-18T19:12:01 IST" duration-ms="4315" status="PASS">
          <reporter-output>
          </reporter-output>
        </test-method> <!-- Test1 -->
        <test-method is-config="true" signature="quit()[pri:0, instance:Test_Package.Test_Cases@71ba6d4e]" started-at="2024-03-18T19:12:01 IST" name="quit" finished-at="2024-03-18T19:12:05 IST" duration-ms="3335" status="PASS">
          <reporter-output>
          </reporter-output>
        </test-method> <!-- quit -->
        <test-method is-config="true" signature="lunchDriver()[pri:0, instance:Test_Package.Test_Cases@71ba6d4e]" started-at="2024-03-18T19:12:05 IST" name="lunchDriver" finished-at="2024-03-18T19:12:14 IST" duration-ms="9081" status="PASS">
          <reporter-output>
          </reporter-output>
        </test-method> <!-- lunchDriver -->
        <test-method signature="Test2()[pri:0, instance:Test_Package.Test_Cases@71ba6d4e]" started-at="2024-03-18T19:12:14 IST" name="Test2" finished-at="2024-03-18T19:12:19 IST" duration-ms="4850" status="PASS">
          <reporter-output>
          </reporter-output>
        </test-method> <!-- Test2 -->
        <test-method is-config="true" signature="quit()[pri:0, instance:Test_Package.Test_Cases@71ba6d4e]" started-at="2024-03-18T19:12:19 IST" name="quit" finished-at="2024-03-18T19:12:22 IST" duration-ms="3083" status="PASS">
          <reporter-output>
          </reporter-output>
        </test-method> <!-- quit -->
        <test-method is-config="true" signature="lunchDriver()[pri:0, instance:Test_Package.Test_Cases@71ba6d4e]" started-at="2024-03-18T19:12:22 IST" name="lunchDriver" finished-at="2024-03-18T19:12:31 IST" duration-ms="8919" status="PASS">
          <reporter-output>
          </reporter-output>
        </test-method> <!-- lunchDriver -->
        <test-method signature="Test3()[pri:0, instance:Test_Package.Test_Cases@71ba6d4e]" started-at="2024-03-18T19:12:31 IST" name="Test3" finished-at="2024-03-18T19:12:38 IST" duration-ms="7230" status="PASS">
          <reporter-output>
          </reporter-output>
        </test-method> <!-- Test3 -->
        <test-method is-config="true" signature="quit()[pri:0, instance:Test_Package.Test_Cases@71ba6d4e]" started-at="2024-03-18T19:12:38 IST" name="quit" finished-at="2024-03-18T19:12:41 IST" duration-ms="3248" status="PASS">
          <reporter-output>
          </reporter-output>
        </test-method> <!-- quit -->
      </class> <!-- Test_Package.Test_Cases -->
    </test> <!-- Test -->
  </suite> <!-- Suite -->
</testng-results>
